Args in experiment:
Namespace(is_training=1, model_id='ETTm2_96_720', model='FsmMamba', data='ETTm2', root_path='../../dataset/ETT-small/', data_path='ETTm2.csv', features='M', target='OT', freq='h', checkpoints='./checkpoints/', pe_type='sincos', lradj='cosine', d_state=16, d_conv=4, expand=2, conv_bias=True, bias=True, dt_rank=32, dt_scale=1.0, dt_init='random', dt_max=0.1, dt_init_floor=0.0001, pscan=False, batch_size=128, patience=3, learning_rate=0.0001, e_layers=1, dropout=0.2, train_epochs=20, d_model=512, enc_in=7, dec_in=7, c_out=7, d_ff=1024, seq_len=96, label_len=48, pred_len=720, n_heads=8, d_layers=1, moving_avg=25, factor=1, distil=True, embed='timeF', activation='gelu', output_attention=False, do_predict=False, num_workers=0, itr=1, des='Exp', loss='MSE', use_amp=False, use_gpu=True, gpu=0, use_multi_gpu=False, devices='4,5,6,7', exp_name='MTSF', channel_independence=False, inverse=False, class_strategy='projection', target_root_path='./data/electricity/', target_data_path='electricity.csv', efficient_training=False, use_norm=True, i_or_cos=0, base=0, sigma=1, partial_start_index=0)
Number of GPUs available: 1
Use GPU: cuda:0
Total number of parameters: 4888813
>>>>>>>start training : ETTm2_96_720_FsmMamba_ETTm2_M_ft96_sl48_ll720_pl512_dm8_nh1_el1_dl1024_df1_fctimeF_ebTrue_dtExp_projection_0_0_0>>>>>>>>>>>>>>>>>>>>>>>>>>
train 33745
val 10801
test 10801
	iters: 100, epoch: 1 | loss: 0.6015808
	speed: 0.0522s/iter; left time: 269.4411s
	iters: 200, epoch: 1 | loss: 0.7416622
	speed: 0.0439s/iter; left time: 222.4023s
Epoch: 1 cost time: 12.395697116851807
Epoch: 1, Steps: 263 | Train Loss: 0.5888830 Vali Loss: 0.2922587 Test Loss: 0.4064682
Validation loss decreased (inf --> 0.292259).  Saving model ...
Updating learning rate to 9.938441702975689e-05
	iters: 100, epoch: 2 | loss: 0.5458319
	speed: 0.4445s/iter; left time: 2177.1000s
	iters: 200, epoch: 2 | loss: 0.4778136
	speed: 0.0440s/iter; left time: 210.9096s
Epoch: 2 cost time: 11.684760093688965
Epoch: 2, Steps: 263 | Train Loss: 0.5594402 Vali Loss: 0.3004844 Test Loss: 0.4108418
EarlyStopping counter: 1 out of 3
Updating learning rate to 9.755282581475769e-05
	iters: 100, epoch: 3 | loss: 0.7087443
	speed: 0.4456s/iter; left time: 2065.4169s
	iters: 200, epoch: 3 | loss: 0.3958059
	speed: 0.0441s/iter; left time: 199.8313s
Epoch: 3 cost time: 11.701621532440186
Epoch: 3, Steps: 263 | Train Loss: 0.5174495 Vali Loss: 0.2927651 Test Loss: 0.4207487
EarlyStopping counter: 2 out of 3
Updating learning rate to 9.45503262094184e-05
	iters: 100, epoch: 4 | loss: 0.3221761
	speed: 0.4443s/iter; left time: 1942.2769s
	iters: 200, epoch: 4 | loss: 0.5163134
	speed: 0.0441s/iter; left time: 188.4911s
Epoch: 4 cost time: 11.754366874694824
Epoch: 4, Steps: 263 | Train Loss: 0.4841983 Vali Loss: 0.2973627 Test Loss: 0.4414392
EarlyStopping counter: 3 out of 3
Early stopping
>>>>>>>testing : ETTm2_96_720_FsmMamba_ETTm2_M_ft96_sl48_ll720_pl512_dm8_nh1_el1_dl1024_df1_fctimeF_ebTrue_dtExp_projection_0_0_0<<<<<<<<<<<<<<<<<<<<<<<<<<<<<<<<<
test 10801
test shape: (10801, 1, 720, 7) (10801, 1, 720, 7)
test shape: (10801, 720, 7) (10801, 720, 7)
mse:0.40646839141845703, mae:0.402124285697937,rse:0.5124574303627014
