Args in experiment:
Namespace(is_training=1, model_id='weather_96_336', model='FsmMamba', data='custom', root_path='../../dataset/weather/', data_path='weather.csv', features='M', target='OT', freq='h', checkpoints='./checkpoints/', pe_type='sincos', lradj='cosine', d_state=16, d_conv=4, expand=2, conv_bias=True, bias=True, dt_rank=32, dt_scale=1.0, dt_init='random', dt_max=0.1, dt_init_floor=0.0001, pscan=False, batch_size=64, patience=3, learning_rate=0.0001, e_layers=1, dropout=0.1, train_epochs=20, d_model=512, enc_in=21, dec_in=21, c_out=21, d_ff=128, seq_len=96, label_len=48, pred_len=336, n_heads=8, d_layers=1, moving_avg=25, factor=1, distil=True, embed='timeF', activation='gelu', output_attention=False, do_predict=False, num_workers=0, itr=1, des='Exp', loss='MSE', use_amp=False, use_gpu=True, gpu=0, use_multi_gpu=False, devices='4,5,6,7', exp_name='MTSF', channel_independence=False, inverse=False, class_strategy='projection', target_root_path='./data/electricity/', target_data_path='electricity.csv', efficient_training=False, use_norm=True, i_or_cos=0, base=0, sigma=1, partial_start_index=0)
Number of GPUs available: 1
Use GPU: cuda:0
Total number of parameters: 4699045
>>>>>>>start training : weather_96_336_FsmMamba_custom_M_ft96_sl48_ll336_pl512_dm8_nh1_el1_dl128_df1_fctimeF_ebTrue_dtExp_projection_0_0_0>>>>>>>>>>>>>>>>>>>>>>>>>>
train 36456
val 4935
test 10204
	iters: 100, epoch: 1 | loss: 0.6280240
	speed: 0.2040s/iter; left time: 2301.5474s
	iters: 200, epoch: 1 | loss: 0.5045653
	speed: 0.1919s/iter; left time: 2145.6424s
	iters: 300, epoch: 1 | loss: 0.4882064
	speed: 0.1896s/iter; left time: 2101.1762s
	iters: 400, epoch: 1 | loss: 0.7515270
	speed: 0.2148s/iter; left time: 2358.8622s
	iters: 500, epoch: 1 | loss: 0.9155181
	speed: 0.1785s/iter; left time: 1942.6767s
Epoch: 1 cost time: 108.40377235412598
Epoch: 1, Steps: 569 | Train Loss: 0.6247807 Vali Loss: 0.5777545 Test Loss: 0.2763438
Validation loss decreased (inf --> 0.577754).  Saving model ...
Updating learning rate to 9.938441702975689e-05
	iters: 100, epoch: 2 | loss: 0.8340549
	speed: 1.3505s/iter; left time: 14466.3590s
	iters: 200, epoch: 2 | loss: 0.4832167
	speed: 0.1938s/iter; left time: 2056.2868s
	iters: 300, epoch: 2 | loss: 0.4840934
	speed: 0.1780s/iter; left time: 1870.8229s
	iters: 400, epoch: 2 | loss: 0.5336019
	speed: 0.1689s/iter; left time: 1758.7710s
	iters: 500, epoch: 2 | loss: 0.5852459
	speed: 0.1692s/iter; left time: 1745.2078s
Epoch: 2 cost time: 99.65656971931458
Epoch: 2, Steps: 569 | Train Loss: 0.5650580 Vali Loss: 0.5608026 Test Loss: 0.2716456
Validation loss decreased (0.577754 --> 0.560803).  Saving model ...
Updating learning rate to 9.755282581475769e-05
	iters: 100, epoch: 3 | loss: 0.4235021
	speed: 1.2960s/iter; left time: 13145.8097s
	iters: 200, epoch: 3 | loss: 0.6216162
	speed: 0.1730s/iter; left time: 1737.0874s
	iters: 300, epoch: 3 | loss: 0.6801655
	speed: 0.1810s/iter; left time: 1799.4498s
	iters: 400, epoch: 3 | loss: 0.4922496
	speed: 0.1842s/iter; left time: 1812.8741s
	iters: 500, epoch: 3 | loss: 0.4258077
	speed: 0.1961s/iter; left time: 1910.4213s
Epoch: 3 cost time: 103.06721019744873
Epoch: 3, Steps: 569 | Train Loss: 0.5474908 Vali Loss: 0.5585706 Test Loss: 0.2719714
Validation loss decreased (0.560803 --> 0.558571).  Saving model ...
Updating learning rate to 9.45503262094184e-05
	iters: 100, epoch: 4 | loss: 0.5303842
	speed: 1.3482s/iter; left time: 12907.3609s
	iters: 200, epoch: 4 | loss: 0.4664322
	speed: 0.1587s/iter; left time: 1503.2514s
	iters: 300, epoch: 4 | loss: 0.4026401
	speed: 0.1595s/iter; left time: 1495.1098s
	iters: 400, epoch: 4 | loss: 0.4859094
	speed: 0.1772s/iter; left time: 1643.3071s
	iters: 500, epoch: 4 | loss: 0.5826913
	speed: 0.1878s/iter; left time: 1722.5148s
Epoch: 4 cost time: 93.80023527145386
Epoch: 4, Steps: 569 | Train Loss: 0.5348119 Vali Loss: 0.5584047 Test Loss: 0.2697071
Validation loss decreased (0.558571 --> 0.558405).  Saving model ...
Updating learning rate to 9.045084971874738e-05
	iters: 100, epoch: 5 | loss: 0.4350304
	speed: 1.1138s/iter; left time: 10029.9390s
	iters: 200, epoch: 5 | loss: 0.4837907
	speed: 0.1224s/iter; left time: 1089.9230s
	iters: 300, epoch: 5 | loss: 0.7725475
	speed: 0.1418s/iter; left time: 1248.5555s
	iters: 400, epoch: 5 | loss: 0.7078018
	speed: 0.1419s/iter; left time: 1235.0554s
	iters: 500, epoch: 5 | loss: 0.6580306
	speed: 0.1344s/iter; left time: 1156.3973s
Epoch: 5 cost time: 75.63034558296204
Epoch: 5, Steps: 569 | Train Loss: 0.5237207 Vali Loss: 0.5560605 Test Loss: 0.2685808
Validation loss decreased (0.558405 --> 0.556060).  Saving model ...
Updating learning rate to 8.535533905932738e-05
	iters: 100, epoch: 6 | loss: 0.5533797
	speed: 1.4927s/iter; left time: 12592.2230s
	iters: 200, epoch: 6 | loss: 0.3905081
	speed: 0.1148s/iter; left time: 957.3620s
	iters: 300, epoch: 6 | loss: 0.4357764
	speed: 0.0910s/iter; left time: 749.7337s
	iters: 400, epoch: 6 | loss: 0.4780580
	speed: 0.1139s/iter; left time: 926.9547s
	iters: 500, epoch: 6 | loss: 0.4861914
	speed: 0.1232s/iter; left time: 989.6872s
Epoch: 6 cost time: 65.33827590942383
Epoch: 6, Steps: 569 | Train Loss: 0.5136002 Vali Loss: 0.5599099 Test Loss: 0.2724055
EarlyStopping counter: 1 out of 3
Updating learning rate to 7.938926261462366e-05
	iters: 100, epoch: 7 | loss: 0.5262516
	speed: 1.3551s/iter; left time: 10660.3649s
	iters: 200, epoch: 7 | loss: 0.6298875
	speed: 0.1445s/iter; left time: 1122.5420s
	iters: 300, epoch: 7 | loss: 0.4788218
	speed: 0.1367s/iter; left time: 1048.2403s
	iters: 400, epoch: 7 | loss: 0.5138753
	speed: 0.1265s/iter; left time: 957.2677s
	iters: 500, epoch: 7 | loss: 0.7675121
	speed: 0.1558s/iter; left time: 1163.5634s
Epoch: 7 cost time: 83.73809289932251
Epoch: 7, Steps: 569 | Train Loss: 0.5030218 Vali Loss: 0.5663569 Test Loss: 0.2720612
EarlyStopping counter: 2 out of 3
Updating learning rate to 7.269952498697734e-05
	iters: 100, epoch: 8 | loss: 0.8317025
	speed: 1.3341s/iter; left time: 9736.3137s
	iters: 200, epoch: 8 | loss: 0.4557129
	speed: 0.1586s/iter; left time: 1141.6133s
	iters: 300, epoch: 8 | loss: 0.4257759
	speed: 0.1476s/iter; left time: 1048.0014s
	iters: 400, epoch: 8 | loss: 0.7285537
	speed: 0.1629s/iter; left time: 1139.9592s
	iters: 500, epoch: 8 | loss: 0.3440562
	speed: 0.1710s/iter; left time: 1179.3658s
Epoch: 8 cost time: 90.82400941848755
Epoch: 8, Steps: 569 | Train Loss: 0.4915018 Vali Loss: 0.5749395 Test Loss: 0.2790262
EarlyStopping counter: 3 out of 3
Early stopping
>>>>>>>testing : weather_96_336_FsmMamba_custom_M_ft96_sl48_ll336_pl512_dm8_nh1_el1_dl128_df1_fctimeF_ebTrue_dtExp_projection_0_0_0<<<<<<<<<<<<<<<<<<<<<<<<<<<<<<<<<
test 10204
test shape: (10204, 1, 336, 21) (10204, 1, 336, 21)
test shape: (10204, 336, 21) (10204, 336, 21)
mse:0.26858073472976685, mae:0.2937643527984619,rse:0.6806485652923584
