/home/ubuntu/fsm_file/FSMamba/model/__init__.py
Args in experiment:
Namespace(is_training=1, model_id='exchange_rate_96_96', model='FsmMamba', data='custom', root_path='../../dataset/exchange_rate/', data_path='exchange_rate.csv', features='M', target='OT', freq='h', checkpoints='./checkpoints/', pe_type='sincos', lradj='cosine', d_state=16, d_conv=4, expand=2, conv_bias=True, bias=True, dt_rank=32, dt_scale=1.0, dt_init='random', dt_max=0.1, dt_init_floor=0.0001, pscan=False, batch_size=64, patience=3, learning_rate=0.0001, e_layers=1, dropout=0.1, train_epochs=20, d_model=512, enc_in=8, dec_in=8, c_out=8, d_ff=102, seq_len=96, label_len=48, pred_len=96, n_heads=8, d_layers=1, moving_avg=25, factor=1, distil=True, embed='timeF', activation='gelu', output_attention=False, do_predict=False, num_workers=0, itr=1, des='Exp', loss='MSE', use_amp=False, use_gpu=True, gpu=0, use_multi_gpu=False, devices='4,5,6,7', exp_name='MTSF', channel_independence=False, inverse=False, class_strategy='projection', target_root_path='./data/electricity/', target_data_path='electricity.csv', efficient_training=False, use_norm=True, i_or_cos=0, base=0, sigma=1, partial_start_index=0)
Number of GPUs available: 1
Use GPU: cuda:0
Total number of parameters: 4569217
>>>>>>>start training : exchange_rate_96_96_FsmMamba_custom_M_ft96_sl48_ll96_pl512_dm8_nh1_el1_dl102_df1_fctimeF_ebTrue_dtExp_projection_0_0_0>>>>>>>>>>>>>>>>>>>>>>>>>>
train 5120
val 665
test 1422
Epoch: 1 cost time: 4.415237665176392
Epoch: 1, Steps: 80 | Train Loss: 0.1425508 Vali Loss: 0.1306058 Test Loss: 0.0846733
Validation loss decreased (inf --> 0.130606).  Saving model ...
Updating learning rate to 9.938441702975689e-05
Epoch: 2 cost time: 2.9219720363616943
Epoch: 2, Steps: 80 | Train Loss: 0.1230255 Vali Loss: 0.1308692 Test Loss: 0.0891983
EarlyStopping counter: 1 out of 3
Updating learning rate to 9.755282581475769e-05
Epoch: 3 cost time: 3.047222375869751
Epoch: 3, Steps: 80 | Train Loss: 0.1161488 Vali Loss: 0.1309184 Test Loss: 0.0930579
EarlyStopping counter: 2 out of 3
Updating learning rate to 9.45503262094184e-05
Epoch: 4 cost time: 3.0316476821899414
Epoch: 4, Steps: 80 | Train Loss: 0.1089210 Vali Loss: 0.1312962 Test Loss: 0.0933584
EarlyStopping counter: 3 out of 3
Early stopping
>>>>>>>testing : exchange_rate_96_96_FsmMamba_custom_M_ft96_sl48_ll96_pl512_dm8_nh1_el1_dl102_df1_fctimeF_ebTrue_dtExp_projection_0_0_0<<<<<<<<<<<<<<<<<<<<<<<<<<<<<<<<<
test 1422
test shape: (1422, 1, 96, 8) (1422, 1, 96, 8)
test shape: (1422, 96, 8) (1422, 96, 8)
mse:0.08467330038547516, mae:0.20394033193588257,rse:0.22113782167434692
