Args in experiment:
Namespace(is_training=1, model_id='ETTh2_96_720', model='FsmMamba', data='ETTh2', root_path='../../dataset/ETT-small/', data_path='ETTh2.csv', features='M', target='OT', freq='h', checkpoints='./checkpoints/', pe_type='no', lradj='cosine', d_state=16, d_conv=4, expand=2, conv_bias=True, bias=True, dt_rank=32, dt_scale=1.0, dt_init='random', dt_max=0.1, dt_init_floor=0.0001, pscan=False, batch_size=64, patience=3, learning_rate=0.0001, e_layers=1, dropout=0.2, train_epochs=20, d_model=1024, enc_in=7, dec_in=7, c_out=7, d_ff=1024, seq_len=96, label_len=48, pred_len=720, n_heads=8, d_layers=1, moving_avg=25, factor=1, distil=True, embed='timeF', activation='gelu', output_attention=False, do_predict=False, num_workers=0, itr=1, des='Exp', loss='MSE', use_amp=False, use_gpu=True, gpu=0, use_multi_gpu=False, devices='4,5,6,7', exp_name='MTSF', channel_independence=False, inverse=False, class_strategy='projection', target_root_path='./data/electricity/', target_data_path='electricity.csv', efficient_training=False, use_norm=True, i_or_cos=0, base=0, sigma=1, partial_start_index=0)
Number of GPUs available: 1
Use GPU: cuda:0
Total number of parameters: 18525933
>>>>>>>start training : ETTh2_96_720_FsmMamba_ETTh2_M_ft96_sl48_ll720_pl1024_dm8_nh1_el1_dl1024_df1_fctimeF_ebTrue_dtExp_projection_0_0_0>>>>>>>>>>>>>>>>>>>>>>>>>>
train 7825
val 2161
test 2161
	iters: 100, epoch: 1 | loss: 0.8586863
	speed: 0.1518s/iter; left time: 355.3820s
Epoch: 1 cost time: 18.52193784713745
Epoch: 1, Steps: 122 | Train Loss: 0.8536743 Vali Loss: 0.6109561 Test Loss: 0.4215117
Validation loss decreased (inf --> 0.610956).  Saving model ...
Updating learning rate to 9.938441702975689e-05
	iters: 100, epoch: 2 | loss: 0.7965894
	speed: 0.3766s/iter; left time: 835.6596s
Epoch: 2 cost time: 13.970264196395874
Epoch: 2, Steps: 122 | Train Loss: 0.7821347 Vali Loss: 0.6217394 Test Loss: 0.4538875
EarlyStopping counter: 1 out of 3
Updating learning rate to 9.755282581475769e-05
	iters: 100, epoch: 3 | loss: 0.7871696
	speed: 0.4192s/iter; left time: 879.0424s
Epoch: 3 cost time: 17.02860140800476
Epoch: 3, Steps: 122 | Train Loss: 0.7363218 Vali Loss: 0.6273100 Test Loss: 0.4512559
EarlyStopping counter: 2 out of 3
Updating learning rate to 9.45503262094184e-05
	iters: 100, epoch: 4 | loss: 0.6064339
	speed: 0.3763s/iter; left time: 743.1323s
Epoch: 4 cost time: 14.74666452407837
Epoch: 4, Steps: 122 | Train Loss: 0.6932537 Vali Loss: 0.6498766 Test Loss: 0.4558838
EarlyStopping counter: 3 out of 3
Early stopping
>>>>>>>testing : ETTh2_96_720_FsmMamba_ETTh2_M_ft96_sl48_ll720_pl1024_dm8_nh1_el1_dl1024_df1_fctimeF_ebTrue_dtExp_projection_0_0_0<<<<<<<<<<<<<<<<<<<<<<<<<<<<<<<<<
test 2161
test shape: (2161, 1, 720, 7) (2161, 1, 720, 7)
test shape: (2161, 720, 7) (2161, 720, 7)
mse:0.42151156067848206, mae:0.4400312006473541,rse:0.518932044506073
