Args in experiment:
Namespace(is_training=1, model_id='ETTh2_96_96', model='FsmMamba', data='ETTh2', root_path='../../dataset/ETT-small/', data_path='ETTh2.csv', features='M', target='OT', freq='h', checkpoints='./checkpoints/', pe_type='no', lradj='cosine', d_state=16, d_conv=4, expand=2, conv_bias=True, bias=True, dt_rank=32, dt_scale=1.0, dt_init='random', dt_max=0.1, dt_init_floor=0.0001, pscan=False, batch_size=128, patience=3, learning_rate=0.0001, e_layers=1, dropout=0.2, train_epochs=20, d_model=512, enc_in=7, dec_in=7, c_out=7, d_ff=128, seq_len=96, label_len=48, pred_len=96, n_heads=8, d_layers=1, moving_avg=25, factor=1, distil=True, embed='timeF', activation='gelu', output_attention=False, do_predict=False, num_workers=0, itr=1, des='Exp', loss='MSE', use_amp=False, use_gpu=True, gpu=0, use_multi_gpu=False, devices='4,5,6,7', exp_name='MTSF', channel_independence=False, inverse=False, class_strategy='projection', target_root_path='./data/electricity/', target_data_path='electricity.csv', efficient_training=False, use_norm=True, i_or_cos=0, base=0, sigma=1, partial_start_index=0)
Number of GPUs available: 1
Use GPU: cuda:0
Total number of parameters: 4568701
>>>>>>>start training : ETTh2_96_96_FsmMamba_ETTh2_M_ft96_sl48_ll96_pl512_dm8_nh1_el1_dl128_df1_fctimeF_ebTrue_dtExp_projection_0_0_0>>>>>>>>>>>>>>>>>>>>>>>>>>
train 8449
val 2785
test 2785
Epoch: 1 cost time: 11.12537670135498
Epoch: 1, Steps: 66 | Train Loss: 0.4553634 Vali Loss: 0.2191469 Test Loss: 0.2991214
Validation loss decreased (inf --> 0.219147).  Saving model ...
Updating learning rate to 9.938441702975689e-05
Epoch: 2 cost time: 7.533498525619507
Epoch: 2, Steps: 66 | Train Loss: 0.4113631 Vali Loss: 0.2155659 Test Loss: 0.2897008
Validation loss decreased (0.219147 --> 0.215566).  Saving model ...
Updating learning rate to 9.755282581475769e-05
Epoch: 3 cost time: 7.115560054779053
Epoch: 3, Steps: 66 | Train Loss: 0.3866326 Vali Loss: 0.2158547 Test Loss: 0.2918923
EarlyStopping counter: 1 out of 3
Updating learning rate to 9.45503262094184e-05
Epoch: 4 cost time: 7.170874834060669
Epoch: 4, Steps: 66 | Train Loss: 0.3612123 Vali Loss: 0.2209600 Test Loss: 0.2902390
EarlyStopping counter: 2 out of 3
Updating learning rate to 9.045084971874738e-05
Epoch: 5 cost time: 7.319777250289917
Epoch: 5, Steps: 66 | Train Loss: 0.3410272 Vali Loss: 0.2218929 Test Loss: 0.2950439
EarlyStopping counter: 3 out of 3
Early stopping
>>>>>>>testing : ETTh2_96_96_FsmMamba_ETTh2_M_ft96_sl48_ll96_pl512_dm8_nh1_el1_dl128_df1_fctimeF_ebTrue_dtExp_projection_0_0_0<<<<<<<<<<<<<<<<<<<<<<<<<<<<<<<<<
test 2785
test shape: (2785, 1, 96, 7) (2785, 1, 96, 7)
test shape: (2785, 96, 7) (2785, 96, 7)
mse:0.28970086574554443, mae:0.3424730598926544,rse:0.4337666630744934
