/home/ubuntu/fsm_file/FSMamba/model/__init__.py
Args in experiment:
Namespace(is_training=1, model_id='ETTm1_96_336', model='FsmMamba', data='ETTm1', root_path='../../dataset/ETT-small/', data_path='ETTm1.csv', features='M', target='OT', freq='h', checkpoints='./checkpoints/', pe_type='sincos', lradj='cosine', d_state=16, d_conv=4, expand=2, conv_bias=True, bias=True, dt_rank=32, dt_scale=1.0, dt_init='random', dt_max=0.1, dt_init_floor=0.0001, pscan=False, batch_size=128, patience=3, learning_rate=0.0002, e_layers=2, dropout=0.2, train_epochs=20, d_model=512, enc_in=7, dec_in=7, c_out=7, d_ff=128, seq_len=96, label_len=48, pred_len=336, n_heads=8, d_layers=1, moving_avg=25, factor=1, distil=True, embed='timeF', activation='gelu', output_attention=False, do_predict=False, num_workers=0, itr=1, des='Exp', loss='MSE', use_amp=False, use_gpu=True, gpu=0, use_multi_gpu=False, devices='4,5,6,7', exp_name='MTSF', channel_independence=False, inverse=False, class_strategy='projection', target_root_path='./data/electricity/', target_data_path='electricity.csv', efficient_training=False, use_norm=True, i_or_cos=0, base=0, sigma=1, partial_start_index=0)
Number of GPUs available: 1
Use GPU: cuda:0
Total number of parameters: 9158026
>>>>>>>start training : ETTm1_96_336_FsmMamba_ETTm1_M_ft96_sl48_ll336_pl512_dm8_nh2_el1_dl128_df1_fctimeF_ebTrue_dtExp_projection_0_0_0>>>>>>>>>>>>>>>>>>>>>>>>>>
train 34129
val 11185
test 11185
	iters: 100, epoch: 1 | loss: 0.3623139
	speed: 0.0810s/iter; left time: 422.9698s
	iters: 200, epoch: 1 | loss: 0.3899164
	speed: 0.0715s/iter; left time: 365.8997s
Epoch: 1 cost time: 19.966902494430542
Epoch: 1, Steps: 266 | Train Loss: 0.3926887 Vali Loss: 0.6592021 Test Loss: 0.3961848
Validation loss decreased (inf --> 0.659202).  Saving model ...
Updating learning rate to 0.00019876883405951377
	iters: 100, epoch: 2 | loss: 0.3288310
	speed: 1.3568s/iter; left time: 6722.9483s
	iters: 200, epoch: 2 | loss: 0.2799990
	speed: 0.0716s/iter; left time: 347.5881s
Epoch: 2 cost time: 19.011486291885376
Epoch: 2, Steps: 266 | Train Loss: 0.3476649 Vali Loss: 0.6609556 Test Loss: 0.4123622
EarlyStopping counter: 1 out of 3
Updating learning rate to 0.00019510565162951537
	iters: 100, epoch: 3 | loss: 0.3222975
	speed: 1.3819s/iter; left time: 6479.8738s
	iters: 200, epoch: 3 | loss: 0.2950326
	speed: 0.0705s/iter; left time: 323.5783s
Epoch: 3 cost time: 22.401670694351196
Epoch: 3, Steps: 266 | Train Loss: 0.3140466 Vali Loss: 0.6806664 Test Loss: 0.4425355
EarlyStopping counter: 2 out of 3
Updating learning rate to 0.0001891006524188368
	iters: 100, epoch: 4 | loss: 0.2834575
	speed: 1.3548s/iter; left time: 5992.1289s
	iters: 200, epoch: 4 | loss: 0.2649113
	speed: 0.0980s/iter; left time: 423.5000s
Epoch: 4 cost time: 23.61780834197998
Epoch: 4, Steps: 266 | Train Loss: 0.2709139 Vali Loss: 0.7003825 Test Loss: 0.4907510
EarlyStopping counter: 3 out of 3
Early stopping
>>>>>>>testing : ETTm1_96_336_FsmMamba_ETTm1_M_ft96_sl48_ll336_pl512_dm8_nh2_el1_dl128_df1_fctimeF_ebTrue_dtExp_projection_0_0_0<<<<<<<<<<<<<<<<<<<<<<<<<<<<<<<<<
test 11185
test shape: (11185, 1, 336, 7) (11185, 1, 336, 7)
test shape: (11185, 336, 7) (11185, 336, 7)
mse:0.3961849808692932, mae:0.40328994393348694,rse:0.5989593267440796
