Args in experiment:
Namespace(is_training=1, model_id='ETTh1_96_336', model='FsmMamba', data='ETTh1', root_path='../../dataset/ETT-small/', data_path='ETTh1.csv', features='M', target='OT', freq='h', checkpoints='./checkpoints/', pe_type='sincos', lradj='cosine', d_state=16, d_conv=4, expand=2, conv_bias=True, bias=True, dt_rank=32, dt_scale=1.0, dt_init='random', dt_max=0.1, dt_init_floor=0.0001, pscan=False, batch_size=64, patience=3, learning_rate=0.0002, e_layers=1, dropout=0.2, train_epochs=20, d_model=256, enc_in=7, dec_in=7, c_out=7, d_ff=256, seq_len=96, label_len=48, pred_len=336, n_heads=8, d_layers=1, moving_avg=25, factor=1, distil=True, embed='timeF', activation='gelu', output_attention=False, do_predict=False, num_workers=0, itr=1, des='Exp', loss='MSE', use_amp=False, use_gpu=True, gpu=0, use_multi_gpu=False, devices='4,5,6,7', exp_name='MTSF', channel_independence=False, inverse=False, class_strategy='projection', target_root_path='./data/electricity/', target_data_path='electricity.csv', efficient_training=False, use_norm=True, i_or_cos=0, base=0, sigma=1, partial_start_index=0)
Number of GPUs available: 1
Use GPU: cuda:0
Total number of parameters: 1252461
>>>>>>>start training : ETTh1_96_336_FsmMamba_ETTh1_M_ft96_sl48_ll336_pl256_dm8_nh1_el1_dl256_df1_fctimeF_ebTrue_dtExp_projection_0_0_0>>>>>>>>>>>>>>>>>>>>>>>>>>
train 8209
val 2545
test 2545
	iters: 100, epoch: 1 | loss: 0.4782239
	speed: 0.1359s/iter; left time: 334.5496s
Epoch: 1 cost time: 17.12766695022583
Epoch: 1, Steps: 128 | Train Loss: 0.5371777 Vali Loss: 1.3001813 Test Loss: 0.4864578
Validation loss decreased (inf --> 1.300181).  Saving model ...
Updating learning rate to 0.00019876883405951377
	iters: 100, epoch: 2 | loss: 0.5004452
	speed: 0.3865s/iter; left time: 901.5957s
Epoch: 2 cost time: 15.691895008087158
Epoch: 2, Steps: 128 | Train Loss: 0.4830955 Vali Loss: 1.2942818 Test Loss: 0.4810241
Validation loss decreased (1.300181 --> 1.294282).  Saving model ...
Updating learning rate to 0.00019510565162951537
	iters: 100, epoch: 3 | loss: 0.4592285
	speed: 0.3893s/iter; left time: 858.5009s
Epoch: 3 cost time: 15.851406812667847
Epoch: 3, Steps: 128 | Train Loss: 0.4636646 Vali Loss: 1.3124795 Test Loss: 0.4732122
EarlyStopping counter: 1 out of 3
Updating learning rate to 0.0001891006524188368
	iters: 100, epoch: 4 | loss: 0.4377202
	speed: 0.3742s/iter; left time: 777.2819s
Epoch: 4 cost time: 14.594202280044556
Epoch: 4, Steps: 128 | Train Loss: 0.4503237 Vali Loss: 1.3133825 Test Loss: 0.4739185
EarlyStopping counter: 2 out of 3
Updating learning rate to 0.00018090169943749476
	iters: 100, epoch: 5 | loss: 0.4245361
	speed: 0.3568s/iter; left time: 695.4374s
Epoch: 5 cost time: 12.930433511734009
Epoch: 5, Steps: 128 | Train Loss: 0.4375974 Vali Loss: 1.3230124 Test Loss: 0.4731276
EarlyStopping counter: 3 out of 3
Early stopping
>>>>>>>testing : ETTh1_96_336_FsmMamba_ETTh1_M_ft96_sl48_ll336_pl256_dm8_nh1_el1_dl256_df1_fctimeF_ebTrue_dtExp_projection_0_0_0<<<<<<<<<<<<<<<<<<<<<<<<<<<<<<<<<
test 2545
test shape: (2545, 1, 336, 7) (2545, 1, 336, 7)
test shape: (2545, 336, 7) (2545, 336, 7)
mse:0.4810238480567932, mae:0.4563238024711609,rse:0.6602909564971924
