Args in experiment:
Namespace(is_training=1, model_id='ETTh1_96_96', model='FsmMamba', data='ETTh1', root_path='../../dataset/ETT-small/', data_path='ETTh1.csv', features='M', target='OT', freq='h', checkpoints='./checkpoints/', pe_type='sincos', lradj='cosine', d_state=16, d_conv=4, expand=2, conv_bias=True, bias=True, dt_rank=32, dt_scale=1.0, dt_init='random', dt_max=0.1, dt_init_floor=0.0001, pscan=False, batch_size=32, patience=3, learning_rate=0.0002, e_layers=1, dropout=0.2, train_epochs=20, d_model=512, enc_in=7, dec_in=7, c_out=7, d_ff=1024, seq_len=96, label_len=48, pred_len=96, n_heads=8, d_layers=1, moving_avg=25, factor=1, distil=True, embed='timeF', activation='gelu', output_attention=False, do_predict=False, num_workers=0, itr=1, des='Exp', loss='MSE', use_amp=False, use_gpu=True, gpu=0, use_multi_gpu=False, devices='4,5,6,7', exp_name='MTSF', channel_independence=False, inverse=False, class_strategy='projection', target_root_path='./data/electricity/', target_data_path='electricity.csv', efficient_training=False, use_norm=True, i_or_cos=0, base=0, sigma=1, partial_start_index=0)
Number of GPUs available: 1
Use GPU: cuda:0
Total number of parameters: 4568701
>>>>>>>start training : ETTh1_96_96_FsmMamba_ETTh1_M_ft96_sl48_ll96_pl512_dm8_nh1_el1_dl1024_df1_fctimeF_ebTrue_dtExp_projection_0_0_0>>>>>>>>>>>>>>>>>>>>>>>>>>
train 8449
val 2785
test 2785
	iters: 100, epoch: 1 | loss: 0.3516135
	speed: 0.0275s/iter; left time: 142.5028s
	iters: 200, epoch: 1 | loss: 0.3436725
	speed: 0.0145s/iter; left time: 73.8953s
Epoch: 1 cost time: 5.1353538036346436
Epoch: 1, Steps: 264 | Train Loss: 0.3660418 Vali Loss: 0.7016730 Test Loss: 0.3839430
Validation loss decreased (inf --> 0.701673).  Saving model ...
Updating learning rate to 0.00019876883405951377
	iters: 100, epoch: 2 | loss: 0.4074103
	speed: 0.1256s/iter; left time: 617.7992s
	iters: 200, epoch: 2 | loss: 0.3591952
	speed: 0.0143s/iter; left time: 69.0265s
Epoch: 2 cost time: 3.8532350063323975
Epoch: 2, Steps: 264 | Train Loss: 0.3295619 Vali Loss: 0.6978285 Test Loss: 0.3805141
Validation loss decreased (0.701673 --> 0.697828).  Saving model ...
Updating learning rate to 0.00019510565162951537
	iters: 100, epoch: 3 | loss: 0.2965386
	speed: 0.1216s/iter; left time: 565.9743s
	iters: 200, epoch: 3 | loss: 0.2745784
	speed: 0.0143s/iter; left time: 65.3112s
Epoch: 3 cost time: 3.8490097522735596
Epoch: 3, Steps: 264 | Train Loss: 0.3074035 Vali Loss: 0.7324565 Test Loss: 0.3833057
EarlyStopping counter: 1 out of 3
Updating learning rate to 0.0001891006524188368
	iters: 100, epoch: 4 | loss: 0.2733459
	speed: 0.1215s/iter; left time: 533.2102s
	iters: 200, epoch: 4 | loss: 0.2474532
	speed: 0.0144s/iter; left time: 61.9219s
Epoch: 4 cost time: 3.889981269836426
Epoch: 4, Steps: 264 | Train Loss: 0.2875214 Vali Loss: 0.7271083 Test Loss: 0.3936695
EarlyStopping counter: 2 out of 3
Updating learning rate to 0.00018090169943749476
	iters: 100, epoch: 5 | loss: 0.2389894
	speed: 0.1220s/iter; left time: 503.2864s
	iters: 200, epoch: 5 | loss: 0.3047207
	speed: 0.0144s/iter; left time: 58.0387s
Epoch: 5 cost time: 3.864999532699585
Epoch: 5, Steps: 264 | Train Loss: 0.2664570 Vali Loss: 0.7480921 Test Loss: 0.3984075
EarlyStopping counter: 3 out of 3
Early stopping
>>>>>>>testing : ETTh1_96_96_FsmMamba_ETTh1_M_ft96_sl48_ll96_pl512_dm8_nh1_el1_dl1024_df1_fctimeF_ebTrue_dtExp_projection_0_0_0<<<<<<<<<<<<<<<<<<<<<<<<<<<<<<<<<
test 2785
test shape: (2785, 1, 96, 7) (2785, 1, 96, 7)
test shape: (2785, 96, 7) (2785, 96, 7)
mse:0.38051411509513855, mae:0.4002775549888611,rse:0.5859265923500061
