Args in experiment:
Namespace(is_training=1, model_id='ETTh1_96_192', model='FsmMamba', data='ETTh1', root_path='../../dataset/ETT-small/', data_path='ETTh1.csv', features='M', target='OT', freq='h', checkpoints='./checkpoints/', pe_type='sincos', lradj='cosine', d_state=16, d_conv=4, expand=2, conv_bias=True, bias=True, dt_rank=32, dt_scale=1.0, dt_init='random', dt_max=0.1, dt_init_floor=0.0001, pscan=False, batch_size=64, patience=3, learning_rate=0.0002, e_layers=1, dropout=0.1, train_epochs=20, d_model=512, enc_in=7, dec_in=7, c_out=7, d_ff=1024, seq_len=96, label_len=48, pred_len=192, n_heads=8, d_layers=1, moving_avg=25, factor=1, distil=True, embed='timeF', activation='gelu', output_attention=False, do_predict=False, num_workers=0, itr=1, des='Exp', loss='MSE', use_amp=False, use_gpu=True, gpu=0, use_multi_gpu=False, devices='4,5,6,7', exp_name='MTSF', channel_independence=False, inverse=False, class_strategy='projection', target_root_path='./data/electricity/', target_data_path='electricity.csv', efficient_training=False, use_norm=True, i_or_cos=0, base=0, sigma=1, partial_start_index=0)
Number of GPUs available: 1
Use GPU: cuda:0
Total number of parameters: 4617949
>>>>>>>start training : ETTh1_96_192_FsmMamba_ETTh1_M_ft96_sl48_ll192_pl512_dm8_nh1_el1_dl1024_df1_fctimeF_ebTrue_dtExp_projection_0_0_0>>>>>>>>>>>>>>>>>>>>>>>>>>
train 8353
val 2689
test 2689
	iters: 100, epoch: 1 | loss: 0.4356552
	speed: 0.0865s/iter; left time: 216.2586s
Epoch: 1 cost time: 10.867870807647705
Epoch: 1, Steps: 130 | Train Loss: 0.4457315 Vali Loss: 1.0055376 Test Loss: 0.4404437
Validation loss decreased (inf --> 1.005538).  Saving model ...
Updating learning rate to 0.00019876883405951377
	iters: 100, epoch: 2 | loss: 0.3936717
	speed: 0.3015s/iter; left time: 714.8431s
Epoch: 2 cost time: 9.634618520736694
Epoch: 2, Steps: 130 | Train Loss: 0.4040496 Vali Loss: 1.0011277 Test Loss: 0.4325041
Validation loss decreased (1.005538 --> 1.001128).  Saving model ...
Updating learning rate to 0.00019510565162951537
	iters: 100, epoch: 3 | loss: 0.3640898
	speed: 0.3063s/iter; left time: 686.4486s
Epoch: 3 cost time: 9.57545804977417
Epoch: 3, Steps: 130 | Train Loss: 0.3843660 Vali Loss: 1.0138173 Test Loss: 0.4384785
EarlyStopping counter: 1 out of 3
Updating learning rate to 0.0001891006524188368
	iters: 100, epoch: 4 | loss: 0.3462954
	speed: 0.3126s/iter; left time: 659.9496s
Epoch: 4 cost time: 9.498839855194092
Epoch: 4, Steps: 130 | Train Loss: 0.3620781 Vali Loss: 1.0512308 Test Loss: 0.4386057
EarlyStopping counter: 2 out of 3
Updating learning rate to 0.00018090169943749476
	iters: 100, epoch: 5 | loss: 0.3465562
	speed: 0.3060s/iter; left time: 606.1686s
Epoch: 5 cost time: 9.524725437164307
Epoch: 5, Steps: 130 | Train Loss: 0.3411962 Vali Loss: 1.0571897 Test Loss: 0.4393120
EarlyStopping counter: 3 out of 3
Early stopping
>>>>>>>testing : ETTh1_96_192_FsmMamba_ETTh1_M_ft96_sl48_ll192_pl512_dm8_nh1_el1_dl1024_df1_fctimeF_ebTrue_dtExp_projection_0_0_0<<<<<<<<<<<<<<<<<<<<<<<<<<<<<<<<<
test 2689
test shape: (2689, 1, 192, 7) (2689, 1, 192, 7)
test shape: (2689, 192, 7) (2689, 192, 7)
mse:0.4325041174888611, mae:0.430839478969574,rse:0.6245287656784058
